#
# There is insufficient memory for the Java Runtime Environment to continue.
# Native memory allocation (malloc) failed to allocate 1904912 bytes for Chunk::new
# Possible reasons:
#   The system is out of physical RAM or swap space
#   In 32 bit mode, the process size limit was hit
# Possible solutions:
#   Reduce memory load on the system
#   Increase physical memory or swap space
#   Check if swap backing store is full
#   Use 64 bit Java on a 64 bit OS
#   Decrease Java heap size (-Xmx/-Xms)
#   Decrease number of Java threads
#   Decrease Java thread stack sizes (-Xss)
#   Set larger code cache with -XX:ReservedCodeCacheSize=
# This output file may be truncated or incomplete.
#
#  Out of Memory Error (allocation.cpp:390), pid=7336, tid=8304
#
# JRE version: Java(TM) SE Runtime Environment (8.0_66-b18) (build 1.8.0_66-b18)
# Java VM: Java HotSpot(TM) 64-Bit Server VM (25.66-b18 mixed mode windows-amd64 compressed oops)
# Failed to write core dump. Minidumps are not enabled by default on client versions of Windows
#

---------------  T H R E A D  ---------------

Current thread (0x000000002ff01800):  JavaThread "C2 CompilerThread0" daemon [_thread_in_native, id=8304, stack(0x0000000031550000,0x0000000031650000)]

Stack: [0x0000000031550000,0x0000000031650000]
[error occurred during error reporting (printing stack bounds), id 0xc0000005]

Native frames: (J=compiled Java code, j=interpreted, Vv=VM code, C=native code)


Current CompileTask:
C2: 746095 9288       4       org.gradle.model.internal.type.ModelType::wrap (219 bytes)


---------------  P R O C E S S  ---------------

Java Threads: ( => current thread )
  0x0000000032f47000 JavaThread "build operations Thread 4" [_thread_blocked, id=6660, stack(0x000000003d7b0000,0x000000003d8b0000)]
  0x0000000032f46800 JavaThread "build operations Thread 3" [_thread_blocked, id=10472, stack(0x000000003d6b0000,0x000000003d7b0000)]
  0x00000000362b0800 JavaThread "build operations Thread 2" [_thread_blocked, id=5612, stack(0x000000003d5b0000,0x000000003d6b0000)]
  0x00000000362b0000 JavaThread "build operations" [_thread_blocked, id=6812, stack(0x000000003d4b0000,0x000000003d5b0000)]
  0x00000000362ae800 JavaThread "Cache worker for Artifact transforms cache (C:\Users\PulakDebasish\.gradle\caches\transforms-1)" [_thread_blocked, id=9860, stack(0x000000003d3b0000,0x000000003d4b0000)]
  0x00000000362b4800 JavaThread "Cache worker for file hash cache (C:\AndroidProjects\FlickrSearch\.gradle\4.4\fileHashes)" [_thread_blocked, id=3660, stack(0x000000003d2b0000,0x000000003d3b0000)]
  0x00000000362b3000 JavaThread "Stdin handler" [_thread_blocked, id=4240, stack(0x000000003d1b0000,0x000000003d2b0000)]
  0x00000000362b3800 JavaThread "Asynchronous log dispatcher for DefaultDaemonConnection: socket connection from /127.0.0.1:57351 to /127.0.0.1:57783" [_thread_blocked, id=10008, stack(0x000000003ce60000,0x000000003cf60000)]
  0x00000000362b2000 JavaThread "Daemon worker Thread 2" [_thread_in_vm, id=7292, stack(0x000000003cd60000,0x000000003ce60000)]
  0x00000000362b1800 JavaThread "Cancel handler" [_thread_blocked, id=3668, stack(0x000000003b9e0000,0x000000003bae0000)]
  0x00000000362a7000 JavaThread "Handler for socket connection from /127.0.0.1:57351 to /127.0.0.1:57783" [_thread_in_native, id=2444, stack(0x000000003b6c0000,0x000000003b7c0000)]
  0x00000000362a6000 JavaThread "Daemon Thread 2" [_thread_blocked, id=1824, stack(0x000000003b2e0000,0x000000003b3e0000)]
  0x00000000362aa800 JavaThread "Memory manager" [_thread_blocked, id=4968, stack(0x000000003afe0000,0x000000003b0e0000)]
  0x0000000032f45800 JavaThread "File lock request listener" [_thread_in_native, id=10312, stack(0x0000000034aa0000,0x0000000034ba0000)]
  0x0000000032f42800 JavaThread "Cache worker for file hash cache (C:\Users\PulakDebasish\.gradle\caches\4.4\fileHashes)" [_thread_blocked, id=2720, stack(0x00000000349a0000,0x0000000034aa0000)]
  0x0000000032c51000 JavaThread "Daemon periodic checks" [_thread_blocked, id=1428, stack(0x0000000033ea0000,0x0000000033fa0000)]
  0x0000000032f90800 JavaThread "Incoming local TCP Connector on port 57351" [_thread_in_native, id=1308, stack(0x0000000033c60000,0x0000000033d60000)]
  0x0000000032a3b000 JavaThread "Daemon health stats" [_thread_blocked, id=4132, stack(0x0000000033620000,0x0000000033720000)]
  0x000000003188c800 JavaThread "Service Thread" daemon [_thread_blocked, id=6844, stack(0x0000000031c50000,0x0000000031d50000)]
  0x000000002ff14000 JavaThread "C1 CompilerThread2" daemon [_thread_blocked, id=10688, stack(0x0000000031750000,0x0000000031850000)]
  0x000000002ff05000 JavaThread "C2 CompilerThread1" daemon [_thread_blocked, id=4304, stack(0x0000000031650000,0x0000000031750000)]
=>0x000000002ff01800 JavaThread "C2 CompilerThread0" daemon [_thread_in_native, id=8304, stack(0x0000000031550000,0x0000000031650000)]
  0x000000002ff00000 JavaThread "Attach Listener" daemon [_thread_blocked, id=10572, stack(0x0000000031450000,0x0000000031550000)]
  0x000000002fefe800 JavaThread "Signal Dispatcher" daemon [_thread_blocked, id=11316, stack(0x0000000031350000,0x0000000031450000)]
  0x0000000002c78000 JavaThread "Finalizer" daemon [_thread_blocked, id=4752, stack(0x0000000031160000,0x0000000031260000)]
  0x0000000002c6f000 JavaThread "Reference Handler" daemon [_thread_blocked, id=8488, stack(0x0000000031060000,0x0000000031160000)]
  0x0000000002b83800 JavaThread "main" [_thread_blocked, id=11100, stack(0x0000000002990000,0x0000000002a90000)]

Other Threads:
  0x000000002fec8000 VMThread [stack: 0x0000000030f60000,0x0000000031060000] [id=9932]
  0x000000003189f000 WatcherThread [stack: 0x0000000031d50000,0x0000000031e50000] [id=1556]

VM state:not at safepoint (normal execution)

VM Mutex/Monitor currently owned by a thread: None

Heap:
 PSYoungGen      total 344064K, used 109013K [0x000000072ab00000, 0x0000000742000000, 0x00000007c0000000)
  eden space 324608K, 33% used [0x000000072ab00000,0x0000000731575530,0x000000073e800000)
  from space 19456K, 0% used [0x000000073f980000,0x000000073f980000,0x0000000740c80000)
  to   space 19968K, 0% used [0x0000000740c80000,0x0000000740c80000,0x0000000742000000)
 ParOldGen       total 750080K, used 32684K [0x0000000600000000, 0x000000062dc80000, 0x000000072ab00000)
  object space 750080K, 4% used [0x0000000600000000,0x0000000601feb0e8,0x000000062dc80000)
 Metaspace       used 60948K, capacity 62678K, committed 62720K, reserved 1103872K
  class space    used 7947K, capacity 8432K, committed 8448K, reserved 1048576K

Card table byte_map: [0x000000001eb60000,0x000000001f970000] byte_map_base: 0x000000001bb60000

Marking Bits: (ParMarkBitMap*) 0x000000006af6a5b0
 Begin Bits: [0x00000000206d0000, 0x00000000276d0000)
 End Bits:   [0x00000000276d0000, 0x000000002e6d0000)

Polling page: 0x00000000010d0000

CodeCache: size=450560Kb used=25431Kb max_used=25718Kb free=425129Kb
 bounds [0x0000000002c80000, 0x00000000045c0000, 0x000000001e480000]
 total_blobs=8484 nmethods=7680 adapters=715
 compilation: enabled

Compilation events (10 events):
Event: 745.967 Thread 0x000000002ff14000 9375       3       java.lang.invoke.MemberName::<init> (131 bytes)
Event: 745.968 Thread 0x000000002ff14000 nmethod 9375 0x0000000003bad010 code [0x0000000003bad2e0, 0x0000000003bae6d8]
Event: 745.968 Thread 0x000000002ff14000 9376       3       java.lang.invoke.MemberName::hashCode (39 bytes)
Event: 745.969 Thread 0x000000002ff14000 nmethod 9376 0x0000000003babc10 code [0x0000000003babe20, 0x0000000003bacba8]
Event: 745.972 Thread 0x000000002ff05000 9377       4       java.util.TreeMap$ValueIterator::next (8 bytes)
Event: 745.972 Thread 0x000000002ff14000 9378       3       org.objectweb.asm.Frame::init (163 bytes)
Event: 745.973 Thread 0x000000002ff14000 nmethod 9378 0x0000000003bab090 code [0x0000000003bab240, 0x0000000003bab778]
Event: 745.976 Thread 0x000000002ff05000 nmethod 9377 0x0000000003fbf910 code [0x0000000003fbfa60, 0x0000000003fbfbb8]
Event: 745.976 Thread 0x000000002ff14000 9379   !   3       com.sun.proxy.$Proxy15::annotationType (29 bytes)
Event: 745.976 Thread 0x000000002ff14000 nmethod 9379 0x00000000032b6610 code [0x00000000032b67a0, 0x00000000032b6bd8]

GC Heap History (10 events):
Event: 103.956 GC heap before
{Heap before GC invocations=6 (full 2):
 PSYoungGen      total 305664K, used 262144K [0x000000072ab00000, 0x0000000745b80000, 0x00000007c0000000)
  eden space 262144K, 100% used [0x000000072ab00000,0x000000073ab00000,0x000000073ab00000)
  from space 43520K, 0% used [0x000000073ab00000,0x000000073ab00000,0x000000073d580000)
  to   space 43520K, 0% used [0x0000000743100000,0x0000000743100000,0x0000000745b80000)
 ParOldGen       total 750080K, used 19612K [0x0000000600000000, 0x000000062dc80000, 0x000000072ab00000)
  object space 750080K, 2% used [0x0000000600000000,0x0000000601327000,0x000000062dc80000)
 Metaspace       used 41096K, capacity 41916K, committed 42368K, reserved 1085440K
  class space    used 5429K, capacity 5695K, committed 5760K, reserved 1048576K
Event: 103.968 GC heap after
Heap after GC invocations=6 (full 2):
 PSYoungGen      total 367616K, used 8767K [0x000000072ab00000, 0x0000000744c00000, 0x00000007c0000000)
  eden space 339968K, 0% used [0x000000072ab00000,0x000000072ab00000,0x000000073f700000)
  from space 27648K, 31% used [0x0000000743100000,0x000000074398fec8,0x0000000744c00000)
  to   space 43520K, 0% used [0x000000073f700000,0x000000073f700000,0x0000000742180000)
 ParOldGen       total 750080K, used 19719K [0x0000000600000000, 0x000000062dc80000, 0x000000072ab00000)
  object space 750080K, 2% used [0x0000000600000000,0x0000000601341c60,0x000000062dc80000)
 Metaspace       used 41096K, capacity 41916K, committed 42368K, reserved 1085440K
  class space    used 5429K, capacity 5695K, committed 5760K, reserved 1048576K
}
Event: 386.187 GC heap before
{Heap before GC invocations=7 (full 2):
 PSYoungGen      total 367616K, used 348735K [0x000000072ab00000, 0x0000000744c00000, 0x00000007c0000000)
  eden space 339968K, 100% used [0x000000072ab00000,0x000000073f700000,0x000000073f700000)
  from space 27648K, 31% used [0x0000000743100000,0x000000074398fec8,0x0000000744c00000)
  to   space 43520K, 0% used [0x000000073f700000,0x000000073f700000,0x0000000742180000)
 ParOldGen       total 750080K, used 19719K [0x0000000600000000, 0x000000062dc80000, 0x000000072ab00000)
  object space 750080K, 2% used [0x0000000600000000,0x0000000601341c60,0x000000062dc80000)
 Metaspace       used 41178K, capacity 41980K, committed 42368K, reserved 1085440K
  class space    used 5429K, capacity 5695K, committed 5760K, reserved 1048576K
Event: 386.201 GC heap after
Heap after GC invocations=7 (full 2):
 PSYoungGen      total 342016K, used 6692K [0x000000072ab00000, 0x0000000743180000, 0x00000007c0000000)
  eden space 334848K, 0% used [0x000000072ab00000,0x000000072ab00000,0x000000073f200000)
  from space 7168K, 93% used [0x000000073f700000,0x000000073fd89148,0x000000073fe00000)
  to   space 21504K, 0% used [0x0000000741c80000,0x0000000741c80000,0x0000000743180000)
 ParOldGen       total 750080K, used 19727K [0x0000000600000000, 0x000000062dc80000, 0x000000072ab00000)
  object space 750080K, 2% used [0x0000000600000000,0x0000000601343c60,0x000000062dc80000)
 Metaspace       used 41178K, capacity 41980K, committed 42368K, reserved 1085440K
  class space    used 5429K, capacity 5695K, committed 5760K, reserved 1048576K
}
Event: 392.697 GC heap before
{Heap before GC invocations=8 (full 2):
 PSYoungGen      total 342016K, used 341540K [0x000000072ab00000, 0x0000000743180000, 0x00000007c0000000)
  eden space 334848K, 100% used [0x000000072ab00000,0x000000073f200000,0x000000073f200000)
  from space 7168K, 93% used [0x000000073f700000,0x000000073fd89148,0x000000073fe00000)
  to   space 21504K, 0% used [0x0000000741c80000,0x0000000741c80000,0x0000000743180000)
 ParOldGen       total 750080K, used 19727K [0x0000000600000000, 0x000000062dc80000, 0x000000072ab00000)
  object space 750080K, 2% used [0x0000000600000000,0x0000000601343c60,0x000000062dc80000)
 Metaspace       used 55937K, capacity 57360K, committed 57600K, reserved 1099776K
  class space    used 7439K, capacity 7864K, committed 7936K, reserved 1048576K
Event: 392.742 GC heap after
Heap after GC invocations=8 (full 2):
 PSYoungGen      total 351232K, used 21489K [0x000000072ab00000, 0x0000000743180000, 0x00000007c0000000)
  eden space 329728K, 0% used [0x000000072ab00000,0x000000072ab00000,0x000000073ed00000)
  from space 21504K, 99% used [0x0000000741c80000,0x000000074317c748,0x0000000743180000)
  to   space 28672K, 0% used [0x000000073f980000,0x000000073f980000,0x0000000741580000)
 ParOldGen       total 750080K, used 25128K [0x0000000600000000, 0x000000062dc80000, 0x000000072ab00000)
  object space 750080K, 3% used [0x0000000600000000,0x000000060188a258,0x000000062dc80000)
 Metaspace       used 55937K, capacity 57360K, committed 57600K, reserved 1099776K
  class space    used 7439K, capacity 7864K, committed 7936K, reserved 1048576K
}
Event: 470.149 GC heap before
{Heap before GC invocations=9 (full 2):
 PSYoungGen      total 351232K, used 84713K [0x000000072ab00000, 0x0000000743180000, 0x00000007c0000000)
  eden space 329728K, 19% used [0x000000072ab00000,0x000000072e8bde18,0x000000073ed00000)
  from space 21504K, 99% used [0x0000000741c80000,0x000000074317c748,0x0000000743180000)
  to   space 28672K, 0% used [0x000000073f980000,0x000000073f980000,0x0000000741580000)
 ParOldGen       total 750080K, used 25128K [0x0000000600000000, 0x000000062dc80000, 0x000000072ab00000)
  object space 750080K, 3% used [0x0000000600000000,0x000000060188a258,0x000000062dc80000)
 Metaspace       used 57610K, capacity 59118K, committed 59160K, reserved 1099776K
  class space    used 7586K, capacity 8061K, committed 8064K, reserved 1048576K
Event: 470.187 GC heap after
Heap after GC invocations=9 (full 2):
 PSYoungGen      total 344064K, used 19308K [0x000000072ab00000, 0x0000000742000000, 0x00000007c0000000)
  eden space 324608K, 0% used [0x000000072ab00000,0x000000072ab00000,0x000000073e800000)
  from space 19456K, 99% used [0x000000073f980000,0x0000000740c5b328,0x0000000740c80000)
  to   space 19968K, 0% used [0x0000000740c80000,0x0000000740c80000,0x0000000742000000)
 ParOldGen       total 750080K, used 25136K [0x0000000600000000, 0x000000062dc80000, 0x000000072ab00000)
  object space 750080K, 3% used [0x0000000600000000,0x000000060188c258,0x000000062dc80000)
 Metaspace       used 57610K, capacity 59118K, committed 59160K, reserved 1099776K
  class space    used 7586K, capacity 8061K, committed 8064K, reserved 1048576K
}
Event: 470.187 GC heap before
{Heap before GC invocations=10 (full 3):
 PSYoungGen      total 344064K, used 19308K [0x000000072ab00000, 0x0000000742000000, 0x00000007c0000000)
  eden space 324608K, 0% used [0x000000072ab00000,0x000000072ab00000,0x000000073e800000)
  from space 19456K, 99% used [0x000000073f980000,0x0000000740c5b328,0x0000000740c80000)
  to   space 19968K, 0% used [0x0000000740c80000,0x0000000740c80000,0x0000000742000000)
 ParOldGen       total 750080K, used 25136K [0x0000000600000000, 0x000000062dc80000, 0x000000072ab00000)
  object space 750080K, 3% used [0x0000000600000000,0x000000060188c258,0x000000062dc80000)
 Metaspace       used 57610K, capacity 59118K, committed 59160K, reserved 1099776K
  class space    used 7586K, capacity 8061K, committed 8064K, reserved 1048576K
Event: 470.505 GC heap after
Heap after GC invocations=10 (full 3):
 PSYoungGen      total 344064K, used 0K [0x000000072ab00000, 0x0000000742000000, 0x00000007c0000000)
  eden space 324608K, 0% used [0x000000072ab00000,0x000000072ab00000,0x000000073e800000)
  from space 19456K, 0% used [0x000000073f980000,0x000000073f980000,0x0000000740c80000)
  to   space 19968K, 0% used [0x0000000740c80000,0x0000000740c80000,0x0000000742000000)
 ParOldGen       total 750080K, used 32684K [0x0000000600000000, 0x000000062dc80000, 0x000000072ab00000)
  object space 750080K, 4% used [0x0000000600000000,0x0000000601feb0e8,0x000000062dc80000)
 Metaspace       used 57559K, capacity 58976K, committed 59160K, reserved 1099776K
  class space    used 7571K, capacity 8015K, committed 8064K, reserved 1048576K
}

Deoptimization events (10 events):
Event: 744.625 Thread 0x00000000362a7000 Uncommon trap: reason=bimorphic action=maybe_recompile pc=0x0000000002d91a64 method=java.io.DataInputStream.readChar()C @ 4
Event: 744.670 Thread 0x00000000362b2000 Uncommon trap: reason=null_check action=make_not_entrant pc=0x0000000003f49860 method=org.gradle.internal.serialize.DefaultSerializerRegistry$TaggedTypeSerializer.map(Ljava/lang/Class;)Lorg/gradle/internal/serialize/DefaultSerializerRegistry$TypeInfo; @ 10þ_ËV\E‡@
Event: 744.670 Thread 0x00000000362b2000 Uncommon trap: reason=range_check action=make_not_entrant pc=0x0000000003c26778 method=java.lang.String.charAt(I)C @ 27
Event: 744.670 Thread 0x00000000362b2000 Uncommon trap: reason=unstable_if action=reinterpret pc=0x0000000003b20518 method=java.io.WinNTFileSystem.parentOrNull(Ljava/lang/String;)Ljava/lang/String; @ 62
Event: 744.733 Thread 0x00000000362b2000 Uncommon trap: reason=unstable_if action=reinterpret pc=0x00000000035805f8 method=org.apache.commons.lang.StringUtils.splitWorker(Ljava/lang/String;Ljava/lang/String;IZ)[Ljava/lang/String; @ 142
Event: 745.361 Thread 0x00000000362b2000 Uncommon trap: reason=unstable_if action=reinterpret pc=0x00000000035833e4 method=sun.nio.ch.Util$BufferCache.get(I)Ljava/nio/ByteBuffer; @ 4
Event: 745.572 Thread 0x00000000362b2000 Uncommon trap: reason=class_check action=maybe_recompile pc=0x0000000003f8d018 method=sun.nio.ch.IOUtil.write(Ljava/io/FileDescriptor;Ljava/nio/ByteBuffer;JLsun/nio/ch/NativeDispatcher;)I @ 1
Event: 745.740 Thread 0x00000000362b2000 Uncommon trap: reason=unstable_if action=reinterpret pc=0x00000000036ccecc method=org.objectweb.asm.ByteVector.putUTF8(Ljava/lang/String;)Lorg/objectweb/asm/ByteVector; @ 91
Event: 745.786 Thread 0x00000000362b2000 Uncommon trap: reason=unstable_if action=reinterpret pc=0x0000000003762f74 method=java.lang.String.lastIndexOf([CII[CIII)I @ 118
Event: 745.795 Thread 0x00000000362b2000 Uncommon trap: reason=unstable_if action=reinterpret pc=0x00000000036beb84 method=org.objectweb.asm.ByteVector.putUTF8(Ljava/lang/String;)Lorg/objectweb/asm/ByteVector; @ 91

Internal exceptions (10 events):
Event: 745.355 Thread 0x00000000362b2000 Exception <a 'sun/nio/fs/WindowsException'> (0x000000072e3ca5f8) thrown at [C:\re\workspace\8-2-build-windows-amd64-cygwin\jdk8u66\5298\hotspot\src\share\vm\prims\jni.cpp, line 709]
Event: 745.355 Thread 0x00000000362b2000 Exception <a 'sun/nio/fs/WindowsException'> (0x000000072e3cb228) thrown at [C:\re\workspace\8-2-build-windows-amd64-cygwin\jdk8u66\5298\hotspot\src\share\vm\prims\jni.cpp, line 709]
Event: 745.355 Thread 0x00000000362b2000 Exception <a 'sun/nio/fs/WindowsException'> (0x000000072e3cce90) thrown at [C:\re\workspace\8-2-build-windows-amd64-cygwin\jdk8u66\5298\hotspot\src\share\vm\prims\jni.cpp, line 709]
Event: 745.355 Thread 0x00000000362b2000 Exception <a 'sun/nio/fs/WindowsException'> (0x000000072e3cdb00) thrown at [C:\re\workspace\8-2-build-windows-amd64-cygwin\jdk8u66\5298\hotspot\src\share\vm\prims\jni.cpp, line 709]
Event: 745.356 Thread 0x00000000362b2000 Exception <a 'sun/nio/fs/WindowsException'> (0x000000072e3d0a10) thrown at [C:\re\workspace\8-2-build-windows-amd64-cygwin\jdk8u66\5298\hotspot\src\share\vm\prims\jni.cpp, line 709]
Event: 745.356 Thread 0x00000000362b2000 Exception <a 'sun/nio/fs/WindowsException'> (0x000000072e3d16b8) thrown at [C:\re\workspace\8-2-build-windows-amd64-cygwin\jdk8u66\5298\hotspot\src\share\vm\prims\jni.cpp, line 709]
Event: 745.356 Thread 0x00000000362b2000 Exception <a 'sun/nio/fs/WindowsException'> (0x000000072e3d3398) thrown at [C:\re\workspace\8-2-build-windows-amd64-cygwin\jdk8u66\5298\hotspot\src\share\vm\prims\jni.cpp, line 709]
Event: 745.356 Thread 0x00000000362b2000 Exception <a 'sun/nio/fs/WindowsException'> (0x000000072e3d4080) thrown at [C:\re\workspace\8-2-build-windows-amd64-cygwin\jdk8u66\5298\hotspot\src\share\vm\prims\jni.cpp, line 709]
Event: 745.679 Thread 0x00000000362b2000 Exception <a 'java/lang/ClassNotFoundException': org/gradle/api/plugins/BasePluginConventionBeanInfo> (0x000000073098d9f8) thrown at [C:\re\workspace\8-2-build-windows-amd64-cygwin\jdk8u66\5298\hotspot\src\share\vm\classfile\systemDictionary.cpp, line 210].rø÷nM‡@
Event: 745.679 Thread 0x00000000362b2000 Exception <a 'java/lang/ClassNotFoundException': org/gradle/api/plugins/BasePluginConventionCustomizer> (0x00000007309b0140) thrown at [C:\re\workspace\8-2-build-windows-amd64-cygwin\jdk8u66\5298\hotspot\src\share\vm\classfile\systemDictionary.cpp, line 216xŽ×J‡@

Events (10 events):
Event: 745.968 loading class com/android/build/gradle/internal/scope/VariantScope
Event: 745.968 loading class com/android/build/gradle/internal/scope/VariantScope done
Event: 745.968 loading class com/android/build/gradle/internal/ApplicationTaskManager
Event: 745.968 loading class com/android/build/gradle/internal/ApplicationTaskManager done
Event: 745.969 loading class com/android/build/gradle/tasks/MergeSourceSetFolders$MergeShaderSourceFoldersConfigAction
Event: 745.969 loading class com/android/build/gradle/tasks/MergeSourceSetFolders$MergeShaderSourceFoldersConfigAction done
Event: 745.970 loading class com/android/build/gradle/tasks/MergeSourceSetFolders$ConfigAction
Event: 745.970 loading class com/android/build/gradle/tasks/MergeSourceSetFolders$ConfigAction done
Event: 745.971 loading class com/android/ide/common/res2/AssetSet
Event: 745.971 loading class com/android/ide/common/res2/AssetSet done


Dynamic libraries:
0x00007ff66afc0000 - 0x00007ff66aff7000 	C:\Program Files\Java\jdk1.8.0_66\bin\java.exe
0x00007ff881be0000 - 0x00007ff881dc1000 	C:\WINDOWS\SYSTEM32\ntdll.dll
0x00007ff881090000 - 0x00007ff881142000 	C:\WINDOWS\System32\KERNEL32.DLL
0x00007ff87e4a0000 - 0x00007ff87e713000 	C:\WINDOWS\System32\KERNELBASE.dll
0x00007ff880950000 - 0x00007ff8809f1000 	C:\WINDOWS\System32\ADVAPI32.dll
0x00007ff881150000 - 0x00007ff8811ee000 	C:\WINDOWS\System32\msvcrt.dll
0x00007ff880e90000 - 0x00007ff880eeb000 	C:\WINDOWS\System32\sechost.dll
0x00007ff881860000 - 0x00007ff881984000 	C:\WINDOWS\System32\RPCRT4.dll
0x00007ff8804e0000 - 0x00007ff880670000 	C:\WINDOWS\System32\USER32.dll
0x00007ff87e720000 - 0x00007ff87e740000 	C:\WINDOWS\System32\win32u.dll
0x00007ff87f070000 - 0x00007ff87f098000 	C:\WINDOWS\System32\GDI32.dll
0x00007ff87e300000 - 0x00007ff87e492000 	C:\WINDOWS\System32\gdi32full.dll
0x00007ff87efd0000 - 0x00007ff87f06f000 	C:\WINDOWS\System32\msvcp_win.dll
0x00007ff87dfb0000 - 0x00007ff87e0aa000 	C:\WINDOWS\System32\ucrtbase.dll
0x00007ff86e800000 - 0x00007ff86ea69000 	C:\WINDOWS\WinSxS\amd64_microsoft.windows.common-controls_6595b64144ccf1df_6.0.17134.1_none_e4da93291059d8fb\COMCTL32.dll
0x00007ff880b60000 - 0x00007ff880e83000 	C:\WINDOWS\System32\combase.dll
0x00007ff87e740000 - 0x00007ff87e7ba000 	C:\WINDOWS\System32\bcryptPrimitives.dll
0x00007ff8807b0000 - 0x00007ff8807dd000 	C:\WINDOWS\System32\IMM32.DLL
0x000000006aff0000 - 0x000000006b0c2000 	C:\Program Files\Java\jdk1.8.0_66\jre\bin\msvcr100.dll
0x000000006a760000 - 0x000000006afe9000 	C:\Program Files\Java\jdk1.8.0_66\jre\bin\server\jvm.dll
0x00007ff881ab0000 - 0x00007ff881ab8000 	C:\WINDOWS\System32\PSAPI.DLL
0x00007ff876810000 - 0x00007ff876833000 	C:\WINDOWS\SYSTEM32\WINMM.dll
0x00007ff876e80000 - 0x00007ff876e8a000 	C:\WINDOWS\SYSTEM32\VERSION.dll
0x00007ff87cb00000 - 0x00007ff87cb09000 	C:\WINDOWS\SYSTEM32\WSOCK32.dll
0x00007ff881a40000 - 0x00007ff881aac000 	C:\WINDOWS\System32\WS2_32.dll
0x00007ff8767e0000 - 0x00007ff87680a000 	C:\WINDOWS\SYSTEM32\WINMMBASE.dll
0x00007ff87e7c0000 - 0x00007ff87e809000 	C:\WINDOWS\System32\cfgmgr32.dll
0x000000006a750000 - 0x000000006a75f000 	C:\Program Files\Java\jdk1.8.0_66\jre\bin\verify.dll
0x000000006a720000 - 0x000000006a749000 	C:\Program Files\Java\jdk1.8.0_66\jre\bin\java.dll
0x000000006a700000 - 0x000000006a716000 	C:\Program Files\Java\jdk1.8.0_66\jre\bin\zip.dll
0x00007ff87f0a0000 - 0x00007ff8804e0000 	C:\WINDOWS\System32\SHELL32.dll
0x00007ff881990000 - 0x00007ff881a39000 	C:\WINDOWS\System32\shcore.dll
0x00007ff87e810000 - 0x00007ff87ef1d000 	C:\WINDOWS\System32\windows.storage.dll
0x00007ff880890000 - 0x00007ff8808e1000 	C:\WINDOWS\System32\shlwapi.dll
0x00007ff87df90000 - 0x00007ff87dfa1000 	C:\WINDOWS\System32\kernel.appcore.dll
0x00007ff87df70000 - 0x00007ff87df8f000 	C:\WINDOWS\System32\profapi.dll
0x00007ff87df20000 - 0x00007ff87df6c000 	C:\WINDOWS\System32\powrprof.dll
0x00007ff87df10000 - 0x00007ff87df1a000 	C:\WINDOWS\System32\FLTLIB.DLL
0x000000006a6e0000 - 0x000000006a6fa000 	C:\Program Files\Java\jdk1.8.0_66\jre\bin\net.dll
0x00007ff87d770000 - 0x00007ff87d7d6000 	C:\WINDOWS\system32\mswsock.dll
0x000000006a6c0000 - 0x000000006a6d1000 	C:\Program Files\Java\jdk1.8.0_66\jre\bin\nio.dll
0x00007ff86d250000 - 0x00007ff86d26e000 	C:\Users\PulakDebasish\.gradle\native\25\windows-amd64\native-platform.dll
0x000000006a6b0000 - 0x000000006a6bd000 	C:\Program Files\Java\jdk1.8.0_66\jre\bin\management.dll
0x00007ff87d920000 - 0x00007ff87d937000 	C:\WINDOWS\SYSTEM32\CRYPTSP.dll
0x00007ff87d350000 - 0x00007ff87d383000 	C:\WINDOWS\system32\rsaenh.dll
0x00007ff87da50000 - 0x00007ff87da75000 	C:\WINDOWS\SYSTEM32\bcrypt.dll
0x00007ff87ddf0000 - 0x00007ff87de18000 	C:\WINDOWS\SYSTEM32\USERENV.dll
0x00007ff87d940000 - 0x00007ff87d94b000 	C:\WINDOWS\SYSTEM32\CRYPTBASE.dll
0x00007ff87d4f0000 - 0x00007ff87d528000 	C:\WINDOWS\SYSTEM32\IPHLPAPI.DLL
0x00007ff8807e0000 - 0x00007ff8807e8000 	C:\WINDOWS\System32\NSI.dll
0x00007ff8766d0000 - 0x00007ff8766e6000 	C:\WINDOWS\SYSTEM32\dhcpcsvc6.DLL
0x00007ff876c10000 - 0x00007ff876c2a000 	C:\WINDOWS\SYSTEM32\dhcpcsvc.DLL
0x000000006a680000 - 0x000000006a6a4000 	C:\Program Files\Java\jdk1.8.0_66\jre\bin\sunec.dll
0x00007ff87d530000 - 0x00007ff87d5ee000 	C:\WINDOWS\SYSTEM32\DNSAPI.dll
0x00007ff86ee20000 - 0x00007ff86ee2a000 	C:\Windows\System32\rasadhlp.dll
0x00007ff86f7d0000 - 0x00007ff86f842000 	C:\WINDOWS\System32\fwpuclnt.dll
0x00007ff868170000 - 0x00007ff868186000 	C:\WINDOWS\system32\napinsp.dll
0x00007ff867e20000 - 0x00007ff867e3a000 	C:\WINDOWS\system32\pnrpnsp.dll
0x00007ff87a5c0000 - 0x00007ff87a5d9000 	C:\WINDOWS\system32\NLAapi.dll
0x00007ff86d540000 - 0x00007ff86d54e000 	C:\WINDOWS\System32\winrnr.dll
0x00007ff878af0000 - 0x00007ff878b05000 	C:\WINDOWS\System32\wshbth.dll

VM Arguments:
jvm_args: -XX:MaxPermSize=1024m -XX:ReservedCodeCacheSize=440m -XX:+UseCompressedOops -XX:+HeapDumpOnOutOfMemoryError -Xms1024m -Xmx7168m -Dfile.encoding=UTF-8 -Duser.country=IN -Duser.language=en -Duser.variant 
java_command: org.gradle.launcher.daemon.bootstrap.GradleDaemon 4.4
java_class_path (initial): C:\Users\PulakDebasish\.gradle\wrapper\dists\gradle-4.4-all\9br9xq1tocpiv8o6njlyu5op1\gradle-4.4\lib\gradle-launcher-4.4.jar
Launcher Type: SUN_STANDARD

Environment Variables:
JAVA_HOME=C:\Program Files\Java\jdk1.8.0_66
USERNAME=PulakDebasish
OS=Windows_NT
PROCESSOR_IDENTIFIER=Intel64 Family 6 Model 61 Stepping 4, GenuineIntel



---------------  S Y S T E M  ---------------

OS: Windows 10.0 , 64 bit Build 17134 (10.0.17134.1)

CPU:total 4 (2 cores per cpu, 2 threads per core) family 6 model 61 stepping 4, cmov, cx8, fxsr, mmx, sse, sse2, sse3, ssse3, sse4.1, sse4.2, popcnt, avx, avx2, aes, clmul, erms, 3dnowpref, lzcnt, ht, tsc, tscinvbit, bmi1, bmi2, adx

Memory: 4k page, physical 8289072k(2156648k free), swap 10386224k(6024k free)

vm_info: Java HotSpot(TM) 64-Bit Server VM (25.66-b18) for windows-amd64 JRE (1.8.0_66-b18), built on Nov  9 2015 10:51:13 by "java_re" with MS VC++ 10.0 (VS2010)

time: Wed May 09 18:06:16 2018
elapsed time: 745 seconds (0d 0h 12m 25s)

